<?xml version="1.0" encoding="UTF-8"?>
<!-- Generated by org.testng.reporters.JUnitReportReporter -->
<testsuite hostname="Jayamala-PC" failures="0" tests="1" name="com.edureka.testscripts.BrowseCourse" time="111.154" errors="0" timestamp="03 Jul 2018 09:35:49 GMT" skipped="0">
  <testcase classname="com.edureka.testscripts.BrowseCourse" name="Tc_02_BrowseCourse" time="111.154"/>
</testsuite> <!-- com.edureka.testscripts.BrowseCourse -->
