<?xml version="1.0" encoding="UTF-8"?>
<!-- Generated by org.testng.reporters.JUnitReportReporter -->
<testsuite hostname="Jayamala-PC" failures="0" tests="1" name="com.edureka.testscripts.SignIn" time="22.921" errors="0" timestamp="30 Jun 2018 15:35:02 GMT" skipped="0">
  <testcase classname="com.edureka.testscripts.SignIn" name="Tc_01_SignIn" time="22.921"/>
</testsuite> <!-- com.edureka.testscripts.SignIn -->
